Command line:
   tb_PSR_Modifier_isim_beh.exe
     -simmode  gui
     -simrunnum  0
     -socket  50064

Mon Apr 30 19:43:08 2018


 Elaboration Time: 0.156 sec

 Current Memory Usage: 666.73 Meg

 Total Signals          : 10
 Total Nets             : 106
 Total Signal Drivers   : 5
 Total Blocks           : 3
 Total Primitive Blocks : 2
 Total Processes        : 2
 Total Traceable Variables  : 8
 Total Scalar Nets and Variables : 466
Total Line Count : 20

 Total Simulation Time: 0.202801 sec

 Current Memory Usage: 666.73 Meg

Mon Apr 30 20:01:17 2018

