Command line:
   TB_procesador_conectado_isim_beh.exe
     -simmode  gui
     -simrunnum  0
     -socket  49374

Mon May 28 17:41:30 2018


 Elaboration Time: 0.0936 sec

 Current Memory Usage: 671.142 Meg

 Total Signals          : 106
 Total Nets             : 2985
 Total Signal Drivers   : 31
 Total Blocks           : 21
 Total Primitive Blocks : 19
 Total Processes        : 21
 Total Traceable Variables  : 16
 Total Scalar Nets and Variables : 3487
Total Line Count : 161
In process instructionMemory.vhd:36 
 

 Total Simulation Time: 0.280802 sec

 Current Memory Usage: 671.142 Meg

Mon May 28 17:45:41 2018

