Command line:
   TB_Control_Unit_isim_beh.exe
     -simmode  gui
     -simrunnum  0
     -socket  49241

Tue Apr 10 18:57:06 2018


 Elaboration Time: 0.0624 sec

 Current Memory Usage: 666.829 Meg

 Total Signals          : 6
 Total Nets             : 14
 Total Signal Drivers   : 3
 Total Blocks           : 5
 Total Primitive Blocks : 4
 Total Processes        : 2
 Total Traceable Variables  : 10
 Total Scalar Nets and Variables : 392
Total Line Count : 14

 Total Simulation Time: 0.0936 sec

 Current Memory Usage: 666.829 Meg

Tue Apr 10 18:57:16 2018

