Command line:
   tb_IM_isim_beh.exe
     -simmode  gui
     -simrunnum  1
     -socket  49521

Mon Apr 09 23:17:18 2018


 Elaboration Time: 0.0936 sec

 Current Memory Usage: 666.829 Meg

 Total Signals          : 9
 Total Nets             : 1090
 Total Signal Drivers   : 3
 Total Blocks           : 6
 Total Primitive Blocks : 5
 Total Processes        : 3
 Total Traceable Variables  : 11
 Total Scalar Nets and Variables : 1469
Total Line Count : 18

 Total Simulation Time: 0.1248 sec

 Current Memory Usage: 666.829 Meg

Mon Apr 09 23:17:39 2018

