Command line:
   tb_RF_isim_beh.exe
     -simmode  gui
     -simrunnum  0
     -socket  49615

Thu Apr 05 19:58:50 2018


 Elaboration Time: 0.078 sec

 Current Memory Usage: 666.829 Meg

 Total Signals          : 19
 Total Nets             : 1394
 Total Signal Drivers   : 10
 Total Blocks           : 5
 Total Primitive Blocks : 4
 Total Processes        : 3
 Total Traceable Variables  : 11
 Total Scalar Nets and Variables : 1773
Total Line Count : 23

 Total Simulation Time: 0.1092 sec

 Current Memory Usage: 981.402 Meg

Thu Apr 05 20:00:20 2018

