Running: C:\Xilinx\14.7\ISE_DS\ISE\bin\nt64\unwrapped\fuse.exe -intstyle ise -incremental -o C:/Users/Richy/Desktop/Proyectos ISE/Procesador1/tb_RF_isim_beh.exe -prj C:/Users/Richy/Desktop/Proyectos ISE/Procesador1/tb_RF_beh.prj work.tb_RF 
ISim P.20131013 (signature 0x7708f090)
Number of CPUs detected in this system: 4
Turning on mult-threading, number of parallel sub-compilation jobs: 8 
Determining compilation order of HDL files
Parsing VHDL file "C:/Users/Richy/Desktop/Proyectos ISE/Procesador1/RF.vhd" into library work
Parsing VHDL file "C:/Users/Richy/Desktop/Proyectos ISE/Procesador1/tb_RF.vhd" into library work
Starting static elaboration
Completed static elaboration
Compiling package standard
Compiling package std_logic_1164
Compiling package std_logic_arith
Compiling package std_logic_unsigned
Compiling architecture behavioral of entity RF [rf_default]
Compiling architecture behavior of entity tb_rf
Time Resolution for simulation is 1ps.
Waiting for 1 sub-compilation(s) to finish...
Compiled 7 VHDL Units
Built simulation executable C:/Users/Richy/Desktop/Proyectos ISE/Procesador1/tb_RF_isim_beh.exe
Fuse Memory Usage: 32920 KB
Fuse CPU Usage: 841 ms
