Command line:
   tb_ALU_isim_beh.exe
     -simmode  gui
     -simrunnum  0
     -socket  49224

Tue Apr 10 18:52:57 2018


 Elaboration Time: 0.0624 sec

 Current Memory Usage: 666.829 Meg

 Total Signals          : 8
 Total Nets             : 102
 Total Signal Drivers   : 4
 Total Blocks           : 5
 Total Primitive Blocks : 4
 Total Processes        : 2
 Total Traceable Variables  : 10
 Total Scalar Nets and Variables : 480
Total Line Count : 12

 Total Simulation Time: 0.0936 sec

 Current Memory Usage: 666.829 Meg

Tue Apr 10 18:53:08 2018

