Command line:
   RF_isim_beh.exe
     -simmode  gui
     -simrunnum  0
     -socket  49607

Thu Apr 05 19:55:55 2018


 Elaboration Time: 0.0624 sec

 Current Memory Usage: 666.829 Meg

 Total Signals          : 10
 Total Nets             : 1394
 Total Signal Drivers   : 3
 Total Blocks           : 4
 Total Primitive Blocks : 4
 Total Processes        : 1
 Total Traceable Variables  : 10
 Total Scalar Nets and Variables : 1772
Total Line Count : 10

 Total Simulation Time: 0.0936 sec

 Current Memory Usage: 666.829 Meg

Thu Apr 05 19:56:15 2018

