Command line:
   tbSumar1_isim_beh.exe
     -simmode  gui
     -simrunnum  1
     -socket  49556

Mon Apr 09 23:33:04 2018


 Elaboration Time: 0.078 sec

 Current Memory Usage: 666.829 Meg

 Total Signals          : 6
 Total Nets             : 96
 Total Signal Drivers   : 3
 Total Blocks           : 4
 Total Primitive Blocks : 3
 Total Processes        : 2
 Total Traceable Variables  : 13
 Total Scalar Nets and Variables : 579
Total Line Count : 7

 Total Simulation Time: 0.0936 sec

 Current Memory Usage: 666.829 Meg

Mon Apr 09 23:33:12 2018

